<?xml version="1.0" encoding="UTF-8"?>
<testsuite xmlns:xsi="http://www.w3.org/2001/XMLSchema-instance" xsi:noNamespaceSchemaLocation="https://maven.apache.org/surefire/maven-surefire-plugin/xsd/surefire-test-report.xsd" name="com.ontariotechu.sofe3980U.BinaryControllerTest" time="0.966" tests="6" errors="0" skipped="0" failures="0">
  <properties>
[...]
</properties>
  <testcase name="postOrParameter" classname="com.ontariotechu.sofe3980U.BinaryControllerTest" time="0.37"/>
  <testcase name="getDefault" classname="com.ontariotechu.sofe3980U.BinaryControllerTest" time="0.025"/>
  <testcase name="postParameter" classname="com.ontariotechu.sofe3980U.BinaryControllerTest" time="0.004"/>
  <testcase name="postMultiplyParameter" classname="com.ontariotechu.sofe3980U.BinaryControllerTest" time="0.004"/>
  <testcase name="getParameter" classname="com.ontariotechu.sofe3980U.BinaryControllerTest" time="0.005"/>
  <testcase name="postAndParameter" classname="com.ontariotechu.sofe3980U.BinaryControllerTest" time="0.005"/>
</testsuite>